Started GET "/" for ::1 at 2022-07-26 13:57:43 -0300
  [1m[35m (9.8ms)[0m  [1m[34mSELECT sqlite_version(*)[0m
Processing by WelcomeController#index as HTML
  Rendering layout layouts/application.html.erb
  Rendering welcome/index.html.erb within layouts/application
  Rendered welcome/index.html.erb within layouts/application (Duration: 1.2ms | Allocations: 459)
  Rendered layout layouts/application.html.erb (Duration: 224.6ms | Allocations: 91448)
Completed 200 OK in 237ms (Views: 227.9ms | ActiveRecord: 0.0ms | Allocations: 96065)


Started GET "/inicio" for ::1 at 2022-07-26 13:57:51 -0300
Processing by WelcomeController#index as HTML
  Rendering layout layouts/application.html.erb
  Rendering welcome/index.html.erb within layouts/application
  Rendered welcome/index.html.erb within layouts/application (Duration: 0.1ms | Allocations: 20)
  Rendered layout layouts/application.html.erb (Duration: 4.1ms | Allocations: 2703)
Completed 200 OK in 6ms (Views: 5.0ms | ActiveRecord: 0.0ms | Allocations: 3036)


Started GET "/inicio" for ::1 at 2022-07-26 14:00:43 -0300
  [1m[35m (0.6ms)[0m  [1m[34mSELECT sqlite_version(*)[0m
Processing by WelcomeController#index as HTML
  Rendering layout layouts/application.html.erb
  Rendering welcome/index.html.erb within layouts/application
  Rendered welcome/index.html.erb within layouts/application (Duration: 0.6ms | Allocations: 351)
  Rendered layout layouts/application.html.erb (Duration: 45.8ms | Allocations: 35074)
Completed 200 OK in 52ms (Views: 47.4ms | ActiveRecord: 0.0ms | Allocations: 38514)


Started GET "/" for ::1 at 2022-07-26 14:00:53 -0300
Processing by WelcomeController#index as HTML
  Rendering layout layouts/application.html.erb
  Rendering welcome/index.html.erb within layouts/application
  Rendered welcome/index.html.erb within layouts/application (Duration: 0.1ms | Allocations: 20)
  Rendered layout layouts/application.html.erb (Duration: 5.0ms | Allocations: 2672)
Completed 200 OK in 6ms (Views: 5.7ms | ActiveRecord: 0.0ms | Allocations: 3024)


Started GET "/" for ::1 at 2022-07-26 14:01:31 -0300
  [1m[35m (0.5ms)[0m  [1m[34mSELECT sqlite_version(*)[0m
Processing by WelcomeController#index as HTML
  Rendering layout layouts/application.html.erb
  Rendering welcome/index.html.erb within layouts/application
  Rendered welcome/index.html.erb within layouts/application (Duration: 0.5ms | Allocations: 351)
  Rendered layout layouts/application.html.erb (Duration: 42.6ms | Allocations: 35155)
Completed 200 OK in 50ms (Views: 44.7ms | ActiveRecord: 0.0ms | Allocations: 38597)


Started GET "/inicio" for ::1 at 2022-07-26 14:01:44 -0300
Processing by WelcomeController#index as HTML
  Rendering layout layouts/application.html.erb
  Rendering welcome/index.html.erb within layouts/application
  Rendered welcome/index.html.erb within layouts/application (Duration: 0.1ms | Allocations: 20)
  Rendered layout layouts/application.html.erb (Duration: 3.9ms | Allocations: 2714)
Completed 200 OK in 5ms (Views: 4.7ms | ActiveRecord: 0.0ms | Allocations: 3066)


